[FILE] /home/winx/Projects/test-text/text1.txt
[DATE] 12 Aug 2022 15:46:58
[LINES CHANGED] 2 8 14 
[OLD TEXT] КАКОМ СЛОВЕ
[NEW TEXT] каком слове

[FILE] /home/winx/Projects/test-text/text2.txt
[DATE] 12 Aug 2022 15:46:58
[LINES CHANGED] 2 
[OLD TEXT] КАКОМ СЛОВЕ
[NEW TEXT] каком слове

[FILE] /home/winx/Projects/test-text/text3.txt
[DATE] 12 Aug 2022 15:46:58
[LINES CHANGED] 2 
[OLD TEXT] КАКОМ СЛОВЕ
[NEW TEXT] каком слове

[FILE] /home/winx/Projects/test-text/text4.txt
[DATE] 12 Aug 2022 15:46:58
[LINES CHANGED] 2 17 23 
[OLD TEXT] КАКОМ СЛОВЕ
[NEW TEXT] каком слове

